#
# There is insufficient memory for the Java Runtime Environment to continue.
# Native memory allocation (malloc) failed to allocate 32756 bytes for ChunkPool::allocate
# Possible reasons:
#   The system is out of physical RAM or swap space
#   In 32 bit mode, the process size limit was hit
# Possible solutions:
#   Reduce memory load on the system
#   Increase physical memory or swap space
#   Check if swap backing store is full
#   Use 64 bit Java on a 64 bit OS
#   Decrease Java heap size (-Xmx/-Xms)
#   Decrease number of Java threads
#   Decrease Java thread stack sizes (-Xss)
#   Set larger code cache with -XX:ReservedCodeCacheSize=
# This output file may be truncated or incomplete.
#
#  Out of Memory Error (allocation.cpp:272), pid=9612, tid=0x00005b50
#
# JRE version: Java(TM) SE Runtime Environment (8.0_251-b08) (build 1.8.0_251-b08)
# Java VM: Java HotSpot(TM) Client VM (25.251-b08 mixed mode, sharing windows-x86 )
# Failed to write core dump. Minidumps are not enabled by default on client versions of Windows
#

---------------  T H R E A D  ---------------

Current thread (0x0079e800):  JavaThread "main" [_thread_in_vm, id=23376, stack(0x00710000,0x00760000)]

Stack: [0x00710000,0x00760000],  sp=0x0075b1ec,  free space=300k
Native frames: (J=compiled Java code, j=interpreted, Vv=VM code, C=native code)
V  [jvm.dll+0x1ae77b]
V  [jvm.dll+0x1a6c68]
V  [jvm.dll+0x8de31]
V  [jvm.dll+0x8e00d]
V  [jvm.dll+0x8e4a7]
V  [jvm.dll+0x3925]
V  [jvm.dll+0x3993c]
V  [jvm.dll+0x50fb5]
V  [jvm.dll+0x108c39]
V  [jvm.dll+0x108e0b]
C  [java.dll+0x165e]
C  0x04858538

Java frames: (J=compiled Java code, j=interpreted, Vv=VM code)
j  java.lang.ClassLoader.defineClass1(Ljava/lang/String;[BIILjava/security/ProtectionDomain;Ljava/lang/String;)Ljava/lang/Class;+0
j  java.lang.ClassLoader.defineClass(Ljava/lang/String;[BIILjava/security/ProtectionDomain;)Ljava/lang/Class;+27
j  java.security.SecureClassLoader.defineClass(Ljava/lang/String;[BIILjava/security/CodeSource;)Ljava/lang/Class;+12
j  java.net.URLClassLoader.defineClass(Ljava/lang/String;Lsun/misc/Resource;)Ljava/lang/Class;+138
j  java.net.URLClassLoader.access$100(Ljava/net/URLClassLoader;Ljava/lang/String;Lsun/misc/Resource;)Ljava/lang/Class;+3
j  java.net.URLClassLoader$1.run()Ljava/lang/Class;+43
j  java.net.URLClassLoader$1.run()Ljava/lang/Object;+1
v  ~StubRoutines::call_stub
j  java.security.AccessController.doPrivileged(Ljava/security/PrivilegedExceptionAction;Ljava/security/AccessControlContext;)Ljava/lang/Object;+0
j  java.net.URLClassLoader.findClass(Ljava/lang/String;)Ljava/lang/Class;+13
j  java.lang.ClassLoader.loadClass(Ljava/lang/String;Z)Ljava/lang/Class;+70
j  sun.misc.Launcher$AppClassLoader.loadClass(Ljava/lang/String;Z)Ljava/lang/Class;+81
j  java.lang.ClassLoader.loadClass(Ljava/lang/String;)Ljava/lang/Class;+3
v  ~StubRoutines::call_stub
j  java.lang.ClassLoader.defineClass1(Ljava/lang/String;[BIILjava/security/ProtectionDomain;Ljava/lang/String;)Ljava/lang/Class;+0
j  java.lang.ClassLoader.defineClass(Ljava/lang/String;[BIILjava/security/ProtectionDomain;)Ljava/lang/Class;+27
j  java.security.SecureClassLoader.defineClass(Ljava/lang/String;[BIILjava/security/CodeSource;)Ljava/lang/Class;+12
j  java.net.URLClassLoader.defineClass(Ljava/lang/String;Lsun/misc/Resource;)Ljava/lang/Class;+138
j  java.net.URLClassLoader.access$100(Ljava/net/URLClassLoader;Ljava/lang/String;Lsun/misc/Resource;)Ljava/lang/Class;+3
j  java.net.URLClassLoader$1.run()Ljava/lang/Class;+43
j  java.net.URLClassLoader$1.run()Ljava/lang/Object;+1
v  ~StubRoutines::call_stub
j  java.security.AccessController.doPrivileged(Ljava/security/PrivilegedExceptionAction;Ljava/security/AccessControlContext;)Ljava/lang/Object;+0
j  java.net.URLClassLoader.findClass(Ljava/lang/String;)Ljava/lang/Class;+13
j  java.lang.ClassLoader.loadClass(Ljava/lang/String;Z)Ljava/lang/Class;+70
j  sun.misc.Launcher$AppClassLoader.loadClass(Ljava/lang/String;Z)Ljava/lang/Class;+81
j  java.lang.ClassLoader.loadClass(Ljava/lang/String;)Ljava/lang/Class;+3
v  ~StubRoutines::call_stub
j  org.apache.poi.openxml4j.opc.OPCPackage.open(Ljava/io/InputStream;)Lorg/apache/poi/openxml4j/opc/OPCPackage;+0
j  org.apache.poi.ooxml.util.PackageHelper.open(Ljava/io/InputStream;)Lorg/apache/poi/openxml4j/opc/OPCPackage;+1
j  org.apache.poi.xssf.usermodel.XSSFWorkbook.<init>(Ljava/io/InputStream;)V+2
j  ExcelUtil.getExcelContent(Ljava/lang/String;Ljava/lang/String;)Ljava/util/Iterator;+35
j  ValidateEmailWebServiceTest.ValidateEmailAddressProTest()V+8
v  ~StubRoutines::call_stub
j  sun.reflect.NativeMethodAccessorImpl.invoke0(Ljava/lang/reflect/Method;Ljava/lang/Object;[Ljava/lang/Object;)Ljava/lang/Object;+0
j  sun.reflect.NativeMethodAccessorImpl.invoke(Ljava/lang/Object;[Ljava/lang/Object;)Ljava/lang/Object;+100
j  sun.reflect.DelegatingMethodAccessorImpl.invoke(Ljava/lang/Object;[Ljava/lang/Object;)Ljava/lang/Object;+6
j  java.lang.reflect.Method.invoke(Ljava/lang/Object;[Ljava/lang/Object;)Ljava/lang/Object;+56
j  org.testng.internal.MethodInvocationHelper.invokeMethod(Ljava/lang/reflect/Method;Ljava/lang/Object;[Ljava/lang/Object;)Ljava/lang/Object;+258
j  org.testng.internal.TestInvoker.invokeMethod(Lorg/testng/internal/TestMethodArguments;Lorg/testng/xml/XmlSuite;Lorg/testng/internal/ITestInvoker$FailureContext;)Lorg/testng/ITestResult;+693
j  org.testng.internal.TestInvoker.invokeTestMethod(Lorg/testng/internal/TestMethodArguments;Lorg/testng/xml/XmlSuite;Lorg/testng/internal/ITestInvoker$FailureContext;)Lorg/testng/ITestResult;+16
j  org.testng.internal.MethodRunner.runInSequence(Lorg/testng/internal/TestMethodArguments;Lorg/testng/internal/ITestInvoker;Lorg/testng/ITestContext;Ljava/util/concurrent/atomic/AtomicInteger;Lorg/testng/internal/ITestInvoker$FailureContext;Ljava/util/Iterator;Z)Ljava/util/List;+127
j  org.testng.internal.TestInvoker$MethodInvocationAgent.invoke(I)I+313
j  org.testng.internal.TestInvoker.invokeTestMethods(Lorg/testng/ITestNGMethod;Lorg/testng/internal/ConfigurationGroupMethods;Ljava/lang/Object;Lorg/testng/ITestContext;)Ljava/util/List;+404
j  org.testng.internal.TestMethodWorker.invokeTestMethods(Lorg/testng/ITestNGMethod;Ljava/lang/Object;)V+14
j  org.testng.internal.TestMethodWorker.run()V+127
j  org.testng.TestRunner$$Lambda$48.accept(Ljava/lang/Object;)V+7
j  java.util.ArrayList.forEach(Ljava/util/function/Consumer;)V+47
j  org.testng.TestRunner.privateRun(Lorg/testng/xml/XmlTest;)V+356
j  org.testng.TestRunner.run()V+25
j  org.testng.SuiteRunner.runTest(Lorg/testng/TestRunner;)V+21
j  org.testng.SuiteRunner.runSequentially()V+31
j  org.testng.SuiteRunner.privateRun()V+296
j  org.testng.SuiteRunner.run()V+6
j  org.testng.SuiteRunnerWorker.runSuite(Lorg/testng/internal/SuiteRunnerMap;Lorg/testng/xml/XmlSuite;)V+87
j  org.testng.SuiteRunnerWorker.run()V+12
j  org.testng.TestNG.runSuitesSequentially(Lorg/testng/xml/XmlSuite;Lorg/testng/internal/SuiteRunnerMap;ILjava/lang/String;)V+66
j  org.testng.TestNG.runSuitesLocally()Ljava/util/List;+156
j  org.testng.TestNG.runSuites()Ljava/util/List;+1
j  org.testng.TestNG.run()V+25
j  com.intellij.rt.testng.IDEARemoteTestNG.run()V+270
j  com.intellij.rt.testng.RemoteTestNGStarter.main([Ljava/lang/String;)V+533
v  ~StubRoutines::call_stub

---------------  P R O C E S S  ---------------

Java Threads: ( => current thread )
  0x025a3400 JavaThread "Service Thread" daemon [_thread_blocked, id=29168, stack(0x14ff0000,0x15040000)]
  0x0258cc00 JavaThread "C1 CompilerThread0" daemon [_thread_blocked, id=20792, stack(0x14f60000,0x14fb0000)]
  0x0258c400 JavaThread "Monitor Ctrl-Break" daemon [_thread_in_native, id=14712, stack(0x14ed0000,0x14f20000)]
  0x02582000 JavaThread "Attach Listener" daemon [_thread_blocked, id=13612, stack(0x14e40000,0x14e90000)]
  0x02580000 JavaThread "Signal Dispatcher" daemon [_thread_blocked, id=25896, stack(0x14db0000,0x14e00000)]
  0x02564000 JavaThread "Finalizer" daemon [_thread_blocked, id=28436, stack(0x14c20000,0x14c70000)]
  0x02509800 JavaThread "Reference Handler" daemon [_thread_blocked, id=13664, stack(0x14b90000,0x14be0000)]
=>0x0079e800 JavaThread "main" [_thread_in_vm, id=23376, stack(0x00710000,0x00760000)]

Other Threads:
  0x02507000 VMThread [stack: 0x14b00000,0x14b50000] [id=24560]
  0x025d8400 WatcherThread [stack: 0x15080000,0x150d0000] [id=24448]

VM state:not at safepoint (normal execution)

VM Mutex/Monitor currently owned by a thread: None

Heap:
 def new generation   total 4928K, used 2995K [0x04600000, 0x04b50000, 0x09b50000)
  eden space 4416K,  56% used [0x04600000, 0x0486cc70, 0x04a50000)
  from space 512K, 100% used [0x04a50000, 0x04ad0000, 0x04ad0000)
  to   space 512K,   0% used [0x04ad0000, 0x04ad0000, 0x04b50000)
 tenured generation   total 10944K, used 2374K [0x09b50000, 0x0a600000, 0x14600000)
   the space 10944K,  21% used [0x09b50000, 0x09da18d0, 0x09da1a00, 0x0a600000)
 Metaspace       used 3213K, capacity 4097K, committed 4160K, reserved 7552K

Card table byte_map: [0x02340000,0x023d0000] byte_map_base: 0x0231d000

Polling page: 0x00280000

CodeCache: size=32768Kb used=1080Kb max_used=1080Kb free=31687Kb
 bounds [0x025e0000, 0x026f0000, 0x045e0000]
 total_blobs=480 nmethods=308 adapters=103
 compilation: enabled

Compilation events (10 events):
Event: 1.695 Thread 0x0258cc00 nmethod 305 0x026e6948 code [0x026e6a50, 0x026e6c2c]
Event: 1.695 Thread 0x0258cc00  306             java.nio.DirectLongBufferU::get (16 bytes)
Event: 1.695 Thread 0x0258cc00 nmethod 306 0x026e6cc8 code [0x026e6dc0, 0x026e6e70]
Event: 1.695 Thread 0x0258cc00  307             java.nio.DirectLongBufferU::put (18 bytes)
Event: 1.695 Thread 0x0258cc00 nmethod 307 0x026e6f48 code [0x026e7040, 0x026e7100]
Event: 1.713 Thread 0x0258cc00  308             java.security.ProtectionDomain::getCodeSource (5 bytes)
Event: 1.713 Thread 0x0258cc00 nmethod 308 0x026e71c8 code [0x026e72c0, 0x026e7340]
Event: 1.717 Thread 0x0258cc00  310             sun.net.www.protocol.file.Handler::parseURL (18 bytes)
Event: 1.717 Thread 0x0258cc00 nmethod 310 0x026e7608 code [0x026e7710, 0x026e77e8]
Event: 1.717 Thread 0x0258cc00  311             java.net.URLStreamHandler::parseURL (1193 bytes)

GC Heap History (8 events):
Event: 0.655 GC heap before
{Heap before GC invocations=0 (full 0):
 def new generation   total 4928K, used 4416K [0x04600000, 0x04b50000, 0x09b50000)
  eden space 4416K, 100% used [0x04600000, 0x04a50000, 0x04a50000)
  from space 512K,   0% used [0x04a50000, 0x04a50000, 0x04ad0000)
  to   space 512K,   0% used [0x04ad0000, 0x04ad0000, 0x04b50000)
 tenured generation   total 10944K, used 0K [0x09b50000, 0x0a600000, 0x14600000)
   the space 10944K,   0% used [0x09b50000, 0x09b50000, 0x09b50200, 0x0a600000)
 Metaspace       used 415K, capacity 2593K, committed 2624K, reserved 4480K
Event: 0.658 GC heap after
Heap after GC invocations=1 (full 0):
 def new generation   total 4928K, used 512K [0x04600000, 0x04b50000, 0x09b50000)
  eden space 4416K,   0% used [0x04600000, 0x04600000, 0x04a50000)
  from space 512K, 100% used [0x04ad0000, 0x04b50000, 0x04b50000)
  to   space 512K,   0% used [0x04a50000, 0x04a50000, 0x04ad0000)
 tenured generation   total 10944K, used 726K [0x09b50000, 0x0a600000, 0x14600000)
   the space 10944K,   6% used [0x09b50000, 0x09c058d0, 0x09c05a00, 0x0a600000)
 Metaspace       used 415K, capacity 2593K, committed 2624K, reserved 4480K
}
Event: 1.146 GC heap before
{Heap before GC invocations=1 (full 0):
 def new generation   total 4928K, used 4928K [0x04600000, 0x04b50000, 0x09b50000)
  eden space 4416K, 100% used [0x04600000, 0x04a50000, 0x04a50000)
  from space 512K, 100% used [0x04ad0000, 0x04b50000, 0x04b50000)
  to   space 512K,   0% used [0x04a50000, 0x04a50000, 0x04ad0000)
 tenured generation   total 10944K, used 726K [0x09b50000, 0x0a600000, 0x14600000)
   the space 10944K,   6% used [0x09b50000, 0x09c058d0, 0x09c05a00, 0x0a600000)
 Metaspace       used 1641K, capacity 2861K, committed 2880K, reserved 4480K
Event: 1.149 GC heap after
Heap after GC invocations=2 (full 0):
 def new generation   total 4928K, used 511K [0x04600000, 0x04b50000, 0x09b50000)
  eden space 4416K,   0% used [0x04600000, 0x04600000, 0x04a50000)
  from space 512K,  99% used [0x04a50000, 0x04acfff8, 0x04ad0000)
  to   space 512K,   0% used [0x04ad0000, 0x04ad0000, 0x04b50000)
 tenured generation   total 10944K, used 1385K [0x09b50000, 0x0a600000, 0x14600000)
   the space 10944K,  12% used [0x09b50000, 0x09caa770, 0x09caa800, 0x0a600000)
 Metaspace       used 1641K, capacity 2861K, committed 2880K, reserved 4480K
}
Event: 1.530 GC heap before
{Heap before GC invocations=2 (full 0):
 def new generation   total 4928K, used 4927K [0x04600000, 0x04b50000, 0x09b50000)
  eden space 4416K, 100% used [0x04600000, 0x04a50000, 0x04a50000)
  from space 512K,  99% used [0x04a50000, 0x04acfff8, 0x04ad0000)
  to   space 512K,   0% used [0x04ad0000, 0x04ad0000, 0x04b50000)
 tenured generation   total 10944K, used 1385K [0x09b50000, 0x0a600000, 0x14600000)
   the space 10944K,  12% used [0x09b50000, 0x09caa770, 0x09caa800, 0x0a600000)
 Metaspace       used 2391K, capacity 3264K, committed 3264K, reserved 5504K
Event: 1.533 GC heap after
Heap after GC invocations=3 (full 0):
 def new generation   total 4928K, used 512K [0x04600000, 0x04b50000, 0x09b50000)
  eden space 4416K,   0% used [0x04600000, 0x04600000, 0x04a50000)
  from space 512K, 100% used [0x04ad0000, 0x04b50000, 0x04b50000)
  to   space 512K,   0% used [0x04a50000, 0x04a50000, 0x04ad0000)
 tenured generation   total 10944K, used 1893K [0x09b50000, 0x0a600000, 0x14600000)
   the space 10944K,  17% used [0x09b50000, 0x09d29648, 0x09d29800, 0x0a600000)
 Metaspace       used 2391K, capacity 3264K, committed 3264K, reserved 5504K
}
Event: 1.686 GC heap before
{Heap before GC invocations=3 (full 0):
 def new generation   total 4928K, used 4928K [0x04600000, 0x04b50000, 0x09b50000)
  eden space 4416K, 100% used [0x04600000, 0x04a50000, 0x04a50000)
  from space 512K, 100% used [0x04ad0000, 0x04b50000, 0x04b50000)
  to   space 512K,   0% used [0x04a50000, 0x04a50000, 0x04ad0000)
 tenured generation   total 10944K, used 1893K [0x09b50000, 0x0a600000, 0x14600000)
   the space 10944K,  17% used [0x09b50000, 0x09d29648, 0x09d29800, 0x0a600000)
 Metaspace       used 2912K, capacity 3809K, committed 3904K, reserved 5504K
Event: 1.689 GC heap after
Heap after GC invocations=4 (full 0):
 def new generation   total 4928K, used 512K [0x04600000, 0x04b50000, 0x09b50000)
  eden space 4416K,   0% used [0x04600000, 0x04600000, 0x04a50000)
  from space 512K, 100% used [0x04a50000, 0x04ad0000, 0x04ad0000)
  to   space 512K,   0% used [0x04ad0000, 0x04ad0000, 0x04b50000)
 tenured generation   total 10944K, used 2374K [0x09b50000, 0x0a600000, 0x14600000)
   the space 10944K,  21% used [0x09b50000, 0x09da18d0, 0x09da1a00, 0x0a600000)
 Metaspace       used 2912K, capacity 3809K, committed 3904K, reserved 5504K
}

Deoptimization events (0 events):
No events

Classes redefined (0 events):
No events

Internal exceptions (10 events):
Event: 0.504 Thread 0x0079e800 Exception <a 'java/security/PrivilegedActionException'> (0x047eb5a0) thrown at [C:\jenkins\workspace\8-2-build-windows-i586-cygwin\jdk8u251\737\hotspot\src\share\vm\prims\jvm.cpp, line 1502]
Event: 0.505 Thread 0x0079e800 Exception <a 'java/security/PrivilegedActionException'> (0x047ef678) thrown at [C:\jenkins\workspace\8-2-build-windows-i586-cygwin\jdk8u251\737\hotspot\src\share\vm\prims\jvm.cpp, line 1502]
Event: 0.505 Thread 0x0079e800 Exception <a 'java/security/PrivilegedActionException'> (0x047ef878) thrown at [C:\jenkins\workspace\8-2-build-windows-i586-cygwin\jdk8u251\737\hotspot\src\share\vm\prims\jvm.cpp, line 1502]
Event: 0.513 Thread 0x0079e800 Exception <a 'java/security/PrivilegedActionException'> (0x04810a78) thrown at [C:\jenkins\workspace\8-2-build-windows-i586-cygwin\jdk8u251\737\hotspot\src\share\vm\prims\jvm.cpp, line 1502]
Event: 0.513 Thread 0x0079e800 Exception <a 'java/security/PrivilegedActionException'> (0x04810c78) thrown at [C:\jenkins\workspace\8-2-build-windows-i586-cygwin\jdk8u251\737\hotspot\src\share\vm\prims\jvm.cpp, line 1502]
Event: 0.646 Thread 0x0079e800 Exception <a 'java/lang/NoSuchFieldError': method resolution failed> (0x049d9700) thrown at [C:\jenkins\workspace\8-2-build-windows-i586-cygwin\jdk8u251\737\hotspot\src\share\vm\prims\methodHandles.cpp, line 1167]
Event: 0.647 Thread 0x0079e800 Exception <a 'java/lang/NoSuchFieldError': method resolution failed> (0x049e61b8) thrown at [C:\jenkins\workspace\8-2-build-windows-i586-cygwin\jdk8u251\737\hotspot\src\share\vm\prims\methodHandles.cpp, line 1167]
Event: 0.791 Thread 0x0079e800 Exception <a 'java/lang/ArrayIndexOutOfBoundsException'> (0x048b5528) thrown at [C:\jenkins\workspace\8-2-build-windows-i586-cygwin\jdk8u251\737\hotspot\src\share\vm\runtime\sharedRuntime.cpp, line 605]
Event: 0.791 Thread 0x0079e800 Exception <a 'java/lang/ArrayIndexOutOfBoundsException'> (0x048b6eb0) thrown at [C:\jenkins\workspace\8-2-build-windows-i586-cygwin\jdk8u251\737\hotspot\src\share\vm\runtime\sharedRuntime.cpp, line 605]
Event: 1.417 Thread 0x0079e800 Exception <a 'java/lang/NoSuchMethodError': java.lang.Object.lambda$comparingInt$7b0bb60$1(Ljava/util/function/ToIntFunction;Ljava/lang/Object;Ljava/lang/Object;)I> (0x047e73b0) thrown at [C:\jenkins\workspace\8-2-build-windows-i586-cygwin\jdk8u251\737\ho

Events (10 events):
Event: 1.717 loading class org/apache/poi/openxml4j/exceptions/NotOfficeXmlFileException
Event: 1.717 loading class org/apache/poi/openxml4j/exceptions/NotOfficeXmlFileException done
Event: 1.717 loading class org/apache/poi/openxml4j/opc/PackagePart
Event: 1.717 loading class org/apache/poi/openxml4j/opc/PackagePart done
Event: 1.717 loading class org/apache/poi/openxml4j/opc/internal/PackagePropertiesPart
Event: 1.717 loading class org/apache/poi/openxml4j/opc/internal/PackagePropertiesPart done
Event: 1.718 loading class org/apache/commons/compress/archivers/zip/ZipArchiveOutputStream
Event: 1.718 loading class org/apache/commons/compress/archivers/zip/ZipArchiveOutputStream done
Event: 1.719 loading class org/apache/commons/compress/archivers/ArchiveOutputStream
Event: 1.719 loading class org/apache/commons/compress/archivers/ArchiveOutputStream done


Dynamic libraries:
0x001f0000 - 0x00223000 	C:\Program Files (x86)\Java\jdk1.8.0_251\bin\java.exe
0x771c0000 - 0x7735a000 	C:\WINDOWS\SYSTEM32\ntdll.dll
0x75b30000 - 0x75c10000 	C:\WINDOWS\System32\KERNEL32.DLL
0x74db0000 - 0x74fae000 	C:\WINDOWS\System32\KERNELBASE.dll
0x65ad0000 - 0x65b6f000 	C:\WINDOWS\SYSTEM32\apphelp.dll
0x75d80000 - 0x75df9000 	C:\WINDOWS\System32\ADVAPI32.dll
0x74fb0000 - 0x7506f000 	C:\WINDOWS\System32\msvcrt.dll
0x75d00000 - 0x75d76000 	C:\WINDOWS\System32\sechost.dll
0x76e50000 - 0x76f0b000 	C:\WINDOWS\System32\RPCRT4.dll
0x74990000 - 0x749b0000 	C:\WINDOWS\System32\SspiCli.dll
0x74980000 - 0x7498a000 	C:\WINDOWS\System32\CRYPTBASE.dll
0x74a40000 - 0x74a9f000 	C:\WINDOWS\System32\bcryptPrimitives.dll
0x74aa0000 - 0x74c37000 	C:\WINDOWS\System32\USER32.dll
0x75f80000 - 0x75f97000 	C:\WINDOWS\System32\win32u.dll
0x75460000 - 0x75481000 	C:\WINDOWS\System32\GDI32.dll
0x74c40000 - 0x74d9b000 	C:\WINDOWS\System32\gdi32full.dll
0x75f00000 - 0x75f7c000 	C:\WINDOWS\System32\msvcp_win.dll
0x750e0000 - 0x751ff000 	C:\WINDOWS\System32\ucrtbase.dll
0x6e900000 - 0x6eb0f000 	C:\WINDOWS\WinSxS\x86_microsoft.windows.common-controls_6595b64144ccf1df_6.0.18362.900_none_2e6bf0b02790a61d\COMCTL32.dll
0x76f10000 - 0x77185000 	C:\WINDOWS\System32\combase.dll
0x75fc0000 - 0x75fe5000 	C:\WINDOWS\System32\IMM32.DLL
0x731c0000 - 0x7327f000 	C:\Program Files (x86)\Java\jdk1.8.0_251\jre\bin\msvcr100.dll
0x6cef0000 - 0x6d2c9000 	C:\Program Files (x86)\Java\jdk1.8.0_251\jre\bin\client\jvm.dll
0x75c90000 - 0x75c96000 	C:\WINDOWS\System32\PSAPI.DLL
0x6e450000 - 0x6e458000 	C:\WINDOWS\SYSTEM32\WSOCK32.dll
0x75ff0000 - 0x7604e000 	C:\WINDOWS\System32\WS2_32.dll
0x6e6c0000 - 0x6e6e4000 	C:\WINDOWS\SYSTEM32\WINMM.dll
0x74740000 - 0x74748000 	C:\WINDOWS\SYSTEM32\VERSION.dll
0x6e690000 - 0x6e6b3000 	C:\WINDOWS\SYSTEM32\WINMMBASE.dll
0x75370000 - 0x753ab000 	C:\WINDOWS\System32\cfgmgr32.dll
0x743d0000 - 0x743dc000 	C:\Program Files (x86)\Java\jdk1.8.0_251\jre\bin\verify.dll
0x742c0000 - 0x742e1000 	C:\Program Files (x86)\Java\jdk1.8.0_251\jre\bin\java.dll
0x729e0000 - 0x72a00000 	C:\Program Files (x86)\Java\jdk1.8.0_251\jre\bin\instrument.dll
0x74360000 - 0x74374000 	C:\Program Files (x86)\Java\jdk1.8.0_251\jre\bin\zip.dll
0x75490000 - 0x75a09000 	C:\WINDOWS\System32\SHELL32.dll
0x76710000 - 0x76794000 	C:\WINDOWS\System32\shcore.dll
0x767a0000 - 0x76d66000 	C:\WINDOWS\System32\windows.storage.dll
0x750c0000 - 0x750db000 	C:\WINDOWS\System32\profapi.dll
0x75c10000 - 0x75c53000 	C:\WINDOWS\System32\powrprof.dll
0x766a0000 - 0x766ad000 	C:\WINDOWS\System32\UMPDC.dll
0x76df0000 - 0x76e34000 	C:\WINDOWS\System32\shlwapi.dll
0x75b20000 - 0x75b2f000 	C:\WINDOWS\System32\kernel.appcore.dll
0x75fa0000 - 0x75fb3000 	C:\WINDOWS\System32\cryptsp.dll
0x729c0000 - 0x729d6000 	C:\Program Files\JetBrains\IntelliJ IDEA 2020.1.2\bin\breakgen.dll
0x742a0000 - 0x742b6000 	C:\Program Files (x86)\Java\jdk1.8.0_251\jre\bin\net.dll
0x73730000 - 0x73782000 	C:\WINDOWS\system32\mswsock.dll
0x74150000 - 0x7417f000 	C:\WINDOWS\system32\rsaenh.dll
0x75c70000 - 0x75c89000 	C:\WINDOWS\System32\bcrypt.dll
0x74750000 - 0x7476e000 	C:\WINDOWS\SYSTEM32\USERENV.dll
0x741c0000 - 0x741f2000 	C:\WINDOWS\SYSTEM32\IPHLPAPI.DLL
0x76e40000 - 0x76e47000 	C:\WINDOWS\System32\NSI.dll
0x741a0000 - 0x741b3000 	C:\WINDOWS\SYSTEM32\dhcpcsvc6.DLL
0x74180000 - 0x74195000 	C:\WINDOWS\SYSTEM32\dhcpcsvc.DLL
0x73680000 - 0x73713000 	C:\WINDOWS\SYSTEM32\DNSAPI.dll
0x740a0000 - 0x740af000 	C:\Program Files (x86)\Java\jdk1.8.0_251\jre\bin\nio.dll

VM Arguments:
jvm_args: -ea -Didea.test.cyclic.buffer.size=1048576 -javaagent:C:\Program Files\JetBrains\IntelliJ IDEA 2020.1.2\lib\idea_rt.jar=51731:C:\Program Files\JetBrains\IntelliJ IDEA 2020.1.2\bin -Dfile.encoding=UTF-8 
java_command: com.intellij.rt.testng.RemoteTestNGStarter -usedefaultlisteners false -socket51730 @w@C:\Users\Doris_Li1\AppData\Local\Temp\idea_working_dirs_testng1.tmp -temp C:\Users\Doris_Li1\AppData\Local\Temp\idea_testng1.tmp
java_class_path (initial): C:\Program Files\JetBrains\IntelliJ IDEA 2020.1.2\lib\idea_rt.jar;C:\Program Files\JetBrains\IntelliJ IDEA 2020.1.2\plugins\testng\lib\testng-rt.jar;C:\Program Files (x86)\Java\jdk1.8.0_251\jre\lib\charsets.jar;C:\Program Files (x86)\Java\jdk1.8.0_251\jre\lib\deploy.jar;C:\Program Files (x86)\Java\jdk1.8.0_251\jre\lib\ext\access-bridge-32.jar;C:\Program Files (x86)\Java\jdk1.8.0_251\jre\lib\ext\cldrdata.jar;C:\Program Files (x86)\Java\jdk1.8.0_251\jre\lib\ext\dnsns.jar;C:\Program Files (x86)\Java\jdk1.8.0_251\jre\lib\ext\jaccess.jar;C:\Program Files (x86)\Java\jdk1.8.0_251\jre\lib\ext\jfxrt.jar;C:\Program Files (x86)\Java\jdk1.8.0_251\jre\lib\ext\localedata.jar;C:\Program Files (x86)\Java\jdk1.8.0_251\jre\lib\ext\nashorn.jar;C:\Program Files (x86)\Java\jdk1.8.0_251\jre\lib\ext\sunec.jar;C:\Program Files (x86)\Java\jdk1.8.0_251\jre\lib\ext\sunjce_provider.jar;C:\Program Files (x86)\Java\jdk1.8.0_251\jre\lib\ext\sunmscapi.jar;C:\Program Files (x86)\Java\jdk1.8.0_251\jre\lib\ext\sunpkcs11.jar;C:\Program Files (x86)\Java\jdk1.8.0_251\jre\lib\ext\zipfs.jar;C:\Program Files (x86)\Java\jdk1.8.0_251\jre\lib\javaws.jar;C:\Program Files (x86)\Java\jdk1.8.0_251\jre\lib\jce.jar;C:\Program Files (x86)\Java\jdk1.8.0_251\jre\lib\jfr.jar;C:\Program Files (x86)\Java\jdk1.8.0_251\jre\lib\jfxswt.jar;C:\Program Files (x86)\Java\jdk1.8.0_251\jre\lib\jsse.jar;C:\Program Files (x86)\Java\jdk1.8.0_251\jre\lib\management-agent.jar;C:\Program Files (x86)\Java\jdk1.8.0_251\jre\lib\plugin.jar;C:\Program Files (x86)\Java\jdk1.8.0_251\jre\lib\resources.jar;C:\Program Files (x86)\Java\jdk1.8.0_251\jre\lib\rt.jar;C:\Users\Doris_Li1\IdeaProjects\MyDemo1\target\test-classes;C:\Users\Doris_Li1\IdeaProjects\MyDemo1\target\classes;C:\Users\Doris_Li1\.m2\repository\org\testng\testng\7.1.0\testng-7.1.0.jar;C:\Users\Doris_Li1\.m2\repository\com\beust\jcommander\1.72\jcommander-1.72.jar;C:\Users\Doris_Li1\.m2\repository\com\google\inject\guice\4.1.0\guice-4.1.0-no_aop.jar;C:\Us
Launcher Type: SUN_STANDARD

Environment Variables:
JAVA_HOME=C:\Program Files (x86)\Java\jdk1.8.0_251
CLASSPATH=.;C:\Program Files (x86)\Java\jdk1.8.0_251\lib;C:\Program Files (x86)\Java\jdk1.8.0_251\lib\tools.jar;D:\Programs\apache-tomcat-9.0.36\lib\jsp-api.jar;D:\Programs\apache-tomcat-9.0.36\lib\servlet-api.jar
PATH=C:\Program Files\Microsoft MPI\Bin\;C:\Program Files (x86)\Java\jdk1.8.0_251\bin;C:\Program Files (x86)\Java\jdk1.8.0_251\jre\bin;C:\Program Files (x86)\Common Files\Oracle\Java\javapath;C:\WINDOWS\system32;C:\WINDOWS;C:\WINDOWS\System32\Wbem;C:\WINDOWS\System32\WindowsPowerShell\v1.0\;C:\WINDOWS\System32\OpenSSH\;D:\.m2\apache-maven-3.6.3-bin\apache-maven-3.6.3\bin;C:\Program Files\Git\cmd;C:\Program Files\Microsoft SQL Server\Client SDK\ODBC\170\Tools\Binn\;C:\Program Files (x86)\Microsoft SQL Server\150\Tools\Binn\;C:\Program Files\Microsoft SQL Server\150\Tools\Binn\;C:\Program Files\Microsoft SQL Server\150\DTS\Binn\;C:\Users\Doris_Li1\AppData\Local\Microsoft\WindowsApps;
USERNAME=Doris_Li1
OS=Windows_NT
PROCESSOR_IDENTIFIER=Intel64 Family 6 Model 94 Stepping 3, GenuineIntel



---------------  S Y S T E M  ---------------

OS: Windows 10.0 , 64 bit Build 18362 (10.0.18362.900)

CPU:total 4 (initial active 4) (4 cores per cpu, 1 threads per core) family 6 model 94 stepping 3, cmov, cx8, fxsr, mmx, sse, sse2, sse3, ssse3, sse4.1, sse4.2, popcnt, avx, avx2, aes, clmul, erms, rtm, 3dnowpref, lzcnt, tsc, tscinvbit, bmi1, bmi2, adx

Memory: 4k page, physical 16555664k(4529456k free), swap 49244276k(4080k free)

vm_info: Java HotSpot(TM) Client VM (25.251-b08) for windows-x86 JRE (1.8.0_251-b08), built on Mar 12 2020 06:33:01 by "" with MS VC++ 10.0 (VS2010)

time: Mon Jul 13 09:07:52 2020
timezone: China Standard Time
elapsed time: 1 seconds (0d 0h 0m 1s)

